Determining if the pthread_create exist failed with the following output:
Change Dir: /home/yc_qian/catkin_ws/src/ros_tutorial_topic/cmake-build-debug/CMakeFiles/CMakeTmp

Run Build Command:"/usr/bin/make" "cmTC_d530c/fast"
/usr/bin/make -f CMakeFiles/cmTC_d530c.dir/build.make CMakeFiles/cmTC_d530c.dir/build
make[1]: Entering directory '/home/yc_qian/catkin_ws/src/ros_tutorial_topic/cmake-build-debug/CMakeFiles/CMakeTmp'
Building C object CMakeFiles/cmTC_d530c.dir/CheckSymbolExists.c.o
/usr/bin/cc    -o CMakeFiles/cmTC_d530c.dir/CheckSymbolExists.c.o   -c /home/yc_qian/catkin_ws/src/ros_tutorial_topic/cmake-build-debug/CMakeFiles/CMakeTmp/CheckSymbolExists.c
Linking C executable cmTC_d530c
/home/yc_qian/clion-2018.2.4/bin/cmake/linux/bin/cmake -E cmake_link_script CMakeFiles/cmTC_d530c.dir/link.txt --verbose=1
/usr/bin/cc      -rdynamic CMakeFiles/cmTC_d530c.dir/CheckSymbolExists.c.o  -o cmTC_d530c 
CMakeFiles/cmTC_d530c.dir/CheckSymbolExists.c.o: In function `main':
CheckSymbolExists.c:(.text+0x16): undefined reference to `pthread_create'
collect2: error: ld returned 1 exit status
CMakeFiles/cmTC_d530c.dir/build.make:86: recipe for target 'cmTC_d530c' failed
make[1]: *** [cmTC_d530c] Error 1
make[1]: Leaving directory '/home/yc_qian/catkin_ws/src/ros_tutorial_topic/cmake-build-debug/CMakeFiles/CMakeTmp'
Makefile:121: recipe for target 'cmTC_d530c/fast' failed
make: *** [cmTC_d530c/fast] Error 2

File /home/yc_qian/catkin_ws/src/ros_tutorial_topic/cmake-build-debug/CMakeFiles/CMakeTmp/CheckSymbolExists.c:
/* */
#include <pthread.h>

int main(int argc, char** argv)
{
  (void)argv;
#ifndef pthread_create
  return ((int*)(&pthread_create))[argc];
#else
  (void)argc;
  return 0;
#endif
}

Determining if the function pthread_create exists in the pthreads failed with the following output:
Change Dir: /home/yc_qian/catkin_ws/src/ros_tutorial_topic/cmake-build-debug/CMakeFiles/CMakeTmp

Run Build Command:"/usr/bin/make" "cmTC_947e5/fast"
/usr/bin/make -f CMakeFiles/cmTC_947e5.dir/build.make CMakeFiles/cmTC_947e5.dir/build
make[1]: Entering directory '/home/yc_qian/catkin_ws/src/ros_tutorial_topic/cmake-build-debug/CMakeFiles/CMakeTmp'
Building C object CMakeFiles/cmTC_947e5.dir/CheckFunctionExists.c.o
/usr/bin/cc   -DCHECK_FUNCTION_EXISTS=pthread_create   -o CMakeFiles/cmTC_947e5.dir/CheckFunctionExists.c.o   -c /home/yc_qian/clion-2018.2.4/bin/cmake/linux/share/cmake-3.12/Modules/CheckFunctionExists.c
Linking C executable cmTC_947e5
/home/yc_qian/clion-2018.2.4/bin/cmake/linux/bin/cmake -E cmake_link_script CMakeFiles/cmTC_947e5.dir/link.txt --verbose=1
/usr/bin/cc  -DCHECK_FUNCTION_EXISTS=pthread_create    -rdynamic CMakeFiles/cmTC_947e5.dir/CheckFunctionExists.c.o  -o cmTC_947e5 -lpthreads 
/usr/bin/ld: cannot find -lpthreads
collect2: error: ld returned 1 exit status
CMakeFiles/cmTC_947e5.dir/build.make:86: recipe for target 'cmTC_947e5' failed
make[1]: *** [cmTC_947e5] Error 1
make[1]: Leaving directory '/home/yc_qian/catkin_ws/src/ros_tutorial_topic/cmake-build-debug/CMakeFiles/CMakeTmp'
Makefile:121: recipe for target 'cmTC_947e5/fast' failed
make: *** [cmTC_947e5/fast] Error 2


